
*** Running vivado
    with args -log project_reti_logiche.vds -m64 -product Vivado -mode batch -messageDb vivado.pb -notrace -source project_reti_logiche.tcl


ECHO disattivato.
ECHO disattivato.

****** Vivado v2023.2 (64-bit)
  **** SW Build 4029153 on Fri Oct 13 20:14:34 MDT 2023
  **** IP Build 4028589 on Sat Oct 14 00:45:43 MDT 2023
  **** SharedData Build 4025554 on Tue Oct 10 17:18:54 MDT 2023
    ** Copyright 1986-2022 Xilinx, Inc. All Rights Reserved.
    ** Copyright 2022-2023 Advanced Micro Devices, Inc. All Rights Reserved.

source project_reti_logiche.tcl -notrace
create_project: Time (s): cpu = 00:00:08 ; elapsed = 00:00:11 . Memory (MB): peak = 473.215 ; gain = 176.230
Command: read_checkpoint -auto_incremental -incremental E:/Vivado/new_project_reti/new_project_reti.srcs/utils_1/imports/synth_1/project_reti_logiche.dcp
INFO: [Vivado 12-5825] Read reference checkpoint from E:/Vivado/new_project_reti/new_project_reti.srcs/utils_1/imports/synth_1/project_reti_logiche.dcp for incremental synthesis
INFO: [Vivado 12-7989] Please ensure there are no constraint changes
Command: synth_design -top project_reti_logiche -part xc7a200tfbg484-1
Starting synth_design
Attempting to get a license for feature 'Synthesis' and/or device 'xc7a200t'
INFO: [Common 17-349] Got license for feature 'Synthesis' and/or device 'xc7a200t'
INFO: [Device 21-403] Loading part xc7a200tfbg484-1
INFO: [Designutils 20-5440] No compile time benefit to using incremental synthesis; A full resynthesis will be run
INFO: [Designutils 20-4379] Flow is switching to default flow due to incremental criteria not met. If you would like to alter this behaviour and have the flow terminate instead, please set the following parameter config_implementation {autoIncr.Synth.RejectBehavior Terminate}
INFO: [Synth 8-7079] Multithreading enabled for synth_design using a maximum of 2 processes.
INFO: [Synth 8-7078] Launching helper process for spawning children vivado processes
INFO: [Synth 8-7075] Helper process launched with PID 12756
---------------------------------------------------------------------------------
Starting RTL Elaboration : Time (s): cpu = 00:00:08 ; elapsed = 00:00:13 . Memory (MB): peak = 1366.586 ; gain = 441.941
---------------------------------------------------------------------------------
INFO: [Synth 8-638] synthesizing module 'project_reti_logiche' [E:/Vivado/new_project_reti/new_project_reti.srcs/sources_1/new/progetto_reti_logiche.v:23]
WARNING: [Synth 8-614] signal 'S' is read in the process but is not in the sensitivity list [E:/Vivado/new_project_reti/new_project_reti.srcs/sources_1/new/progetto_reti_logiche.v:77]
WARNING: [Synth 8-614] signal 'i_k' is read in the process but is not in the sensitivity list [E:/Vivado/new_project_reti/new_project_reti.srcs/sources_1/new/progetto_reti_logiche.v:77]
WARNING: [Synth 8-614] signal 'cnt' is read in the process but is not in the sensitivity list [E:/Vivado/new_project_reti/new_project_reti.srcs/sources_1/new/progetto_reti_logiche.v:77]
WARNING: [Synth 8-614] signal 'i_start' is read in the process but is not in the sensitivity list [E:/Vivado/new_project_reti/new_project_reti.srcs/sources_1/new/progetto_reti_logiche.v:77]
WARNING: [Synth 8-614] signal 'lastNum' is read in the process but is not in the sensitivity list [E:/Vivado/new_project_reti/new_project_reti.srcs/sources_1/new/progetto_reti_logiche.v:77]
INFO: [Synth 8-256] done synthesizing module 'project_reti_logiche' (0#1) [E:/Vivado/new_project_reti/new_project_reti.srcs/sources_1/new/progetto_reti_logiche.v:23]
---------------------------------------------------------------------------------
Finished RTL Elaboration : Time (s): cpu = 00:00:10 ; elapsed = 00:00:17 . Memory (MB): peak = 1473.500 ; gain = 548.855
---------------------------------------------------------------------------------
---------------------------------------------------------------------------------
Start Handling Custom Attributes
---------------------------------------------------------------------------------
---------------------------------------------------------------------------------
Finished Handling Custom Attributes : Time (s): cpu = 00:00:10 ; elapsed = 00:00:17 . Memory (MB): peak = 1473.500 ; gain = 548.855
---------------------------------------------------------------------------------
---------------------------------------------------------------------------------
Finished RTL Optimization Phase 1 : Time (s): cpu = 00:00:10 ; elapsed = 00:00:17 . Memory (MB): peak = 1473.500 ; gain = 548.855
---------------------------------------------------------------------------------
Netlist sorting complete. Time (s): cpu = 00:00:00 ; elapsed = 00:00:00.003 . Memory (MB): peak = 1473.500 ; gain = 0.000
INFO: [Project 1-570] Preparing netlist for logic optimization

Processing XDC Constraints
Initializing timing engine
Parsing XDC File [E:/Vivado/new_project_reti/new_project_reti.srcs/constrs_1/new/clock.xdc]
Finished Parsing XDC File [E:/Vivado/new_project_reti/new_project_reti.srcs/constrs_1/new/clock.xdc]
Completed Processing XDC Constraints

Netlist sorting complete. Time (s): cpu = 00:00:00 ; elapsed = 00:00:00 . Memory (MB): peak = 1565.754 ; gain = 0.000
INFO: [Project 1-111] Unisim Transformation Summary:
No Unisim elements were transformed.

Impossibile trovare il percorso specificato.
Constraint Validation Runtime : Time (s): cpu = 00:00:00 ; elapsed = 00:00:00.051 . Memory (MB): peak = 1565.754 ; gain = 0.000
INFO: [Designutils 20-5440] No compile time benefit to using incremental synthesis; A full resynthesis will be run
INFO: [Designutils 20-4379] Flow is switching to default flow due to incremental criteria not met. If you would like to alter this behaviour and have the flow terminate instead, please set the following parameter config_implementation {autoIncr.Synth.RejectBehavior Terminate}
---------------------------------------------------------------------------------
Finished Constraint Validation : Time (s): cpu = 00:00:24 ; elapsed = 00:00:48 . Memory (MB): peak = 1565.754 ; gain = 641.109
---------------------------------------------------------------------------------
---------------------------------------------------------------------------------
Start Loading Part and Timing Information
---------------------------------------------------------------------------------
Loading part: xc7a200tfbg484-1
---------------------------------------------------------------------------------
Finished Loading Part and Timing Information : Time (s): cpu = 00:00:24 ; elapsed = 00:00:48 . Memory (MB): peak = 1565.754 ; gain = 641.109
---------------------------------------------------------------------------------
---------------------------------------------------------------------------------
Start Applying 'set_property' XDC Constraints
---------------------------------------------------------------------------------
---------------------------------------------------------------------------------
Finished applying 'set_property' XDC Constraints : Time (s): cpu = 00:00:24 ; elapsed = 00:00:48 . Memory (MB): peak = 1565.754 ; gain = 641.109
---------------------------------------------------------------------------------
INFO: [Synth 8-802] inferred FSM for state register 'S_reg' in module 'project_reti_logiche'
---------------------------------------------------------------------------------------------------
                   State |                     New Encoding |                Previous Encoding 
---------------------------------------------------------------------------------------------------
                   reset |                             0000 |                             0000
                    init |                             0001 |                             0001
                prefread |                             0010 |                             0010
                   fread |                             0011 |                             0011
               prefwrite |                             0100 |                             0100
                  fwrite |                             0101 |                             0101
               preswrite |                             0110 |                             0110
                  swrite |                             0111 |                             0111
                  iSTATE |                             1000 |                             1000
---------------------------------------------------------------------------------------------------
INFO: [Synth 8-3354] encoded FSM with state register 'S_reg' using encoding 'sequential' in module 'project_reti_logiche'
WARNING: [Synth 8-327] inferring latch for variable 'o_done_reg' [E:/Vivado/new_project_reti/new_project_reti.srcs/sources_1/new/progetto_reti_logiche.v:82]
WARNING: [Synth 8-327] inferring latch for variable 'sentinel_reg' [E:/Vivado/new_project_reti/new_project_reti.srcs/sources_1/new/progetto_reti_logiche.v:89]
WARNING: [Synth 8-327] inferring latch for variable 'K_reg' [E:/Vivado/new_project_reti/new_project_reti.srcs/sources_1/new/progetto_reti_logiche.v:66]
WARNING: [Synth 8-327] inferring latch for variable 'o_mem_data_reg' [E:/Vivado/new_project_reti/new_project_reti.srcs/sources_1/new/progetto_reti_logiche.v:84]
WARNING: [Synth 8-327] inferring latch for variable 'o_mem_we_reg' [E:/Vivado/new_project_reti/new_project_reti.srcs/sources_1/new/progetto_reti_logiche.v:83]
WARNING: [Synth 8-327] inferring latch for variable 'o_mem_en_reg' [E:/Vivado/new_project_reti/new_project_reti.srcs/sources_1/new/progetto_reti_logiche.v:81]
---------------------------------------------------------------------------------
Finished RTL Optimization Phase 2 : Time (s): cpu = 00:00:25 ; elapsed = 00:00:50 . Memory (MB): peak = 1565.754 ; gain = 641.109
---------------------------------------------------------------------------------
---------------------------------------------------------------------------------
Start RTL Component Statistics 
---------------------------------------------------------------------------------
Detailed RTL Component Info : 
+---Adders : 
	   2 Input   16 Bit       Adders := 1     
	   2 Input   10 Bit       Adders := 1     
	   2 Input    8 Bit       Adders := 1     
+---Registers : 
	               16 Bit    Registers := 1     
	               10 Bit    Registers := 1     
	                8 Bit    Registers := 2     
+---Muxes : 
	   5 Input   16 Bit        Muxes := 1     
	   2 Input    8 Bit        Muxes := 1     
	   9 Input    8 Bit        Muxes := 1     
	   3 Input    8 Bit        Muxes := 1     
	   8 Input    4 Bit        Muxes := 1     
	   2 Input    4 Bit        Muxes := 2     
	   2 Input    1 Bit        Muxes := 4     
	   9 Input    1 Bit        Muxes := 11    
	   3 Input    1 Bit        Muxes := 1     
	   5 Input    1 Bit        Muxes := 1     
---------------------------------------------------------------------------------
Finished RTL Component Statistics 
---------------------------------------------------------------------------------
---------------------------------------------------------------------------------
Start Part Resource Summary
---------------------------------------------------------------------------------
Part Resources:
DSPs: 740 (col length:100)
BRAMs: 730 (col length: RAMB18 100 RAMB36 50)
---------------------------------------------------------------------------------
Finished Part Resource Summary
---------------------------------------------------------------------------------
---------------------------------------------------------------------------------
Start Cross Boundary and Area Optimization
---------------------------------------------------------------------------------
WARNING: [Synth 8-7080] Parallel synthesis criteria is not met
---------------------------------------------------------------------------------
Finished Cross Boundary and Area Optimization : Time (s): cpu = 00:00:29 ; elapsed = 00:00:58 . Memory (MB): peak = 1565.754 ; gain = 641.109
---------------------------------------------------------------------------------
---------------------------------------------------------------------------------
Start Applying XDC Timing Constraints
---------------------------------------------------------------------------------
---------------------------------------------------------------------------------
Finished Applying XDC Timing Constraints : Time (s): cpu = 00:00:41 ; elapsed = 00:01:19 . Memory (MB): peak = 1565.754 ; gain = 641.109
---------------------------------------------------------------------------------
---------------------------------------------------------------------------------
Start Timing Optimization
---------------------------------------------------------------------------------
---------------------------------------------------------------------------------
Finished Timing Optimization : Time (s): cpu = 00:00:41 ; elapsed = 00:01:20 . Memory (MB): peak = 1565.754 ; gain = 641.109
---------------------------------------------------------------------------------
---------------------------------------------------------------------------------
Start Technology Mapping
---------------------------------------------------------------------------------
---------------------------------------------------------------------------------
Finished Technology Mapping : Time (s): cpu = 00:00:41 ; elapsed = 00:01:20 . Memory (MB): peak = 1565.754 ; gain = 641.109
---------------------------------------------------------------------------------
---------------------------------------------------------------------------------
Start IO Insertion
---------------------------------------------------------------------------------
---------------------------------------------------------------------------------
Start Flattening Before IO Insertion
---------------------------------------------------------------------------------
---------------------------------------------------------------------------------
Finished Flattening Before IO Insertion
---------------------------------------------------------------------------------
---------------------------------------------------------------------------------
Start Final Netlist Cleanup
---------------------------------------------------------------------------------
---------------------------------------------------------------------------------
Finished Final Netlist Cleanup
---------------------------------------------------------------------------------
---------------------------------------------------------------------------------
Finished IO Insertion : Time (s): cpu = 00:00:50 ; elapsed = 00:01:38 . Memory (MB): peak = 1565.754 ; gain = 641.109
---------------------------------------------------------------------------------
---------------------------------------------------------------------------------
Start Renaming Generated Instances
---------------------------------------------------------------------------------
---------------------------------------------------------------------------------
Finished Renaming Generated Instances : Time (s): cpu = 00:00:50 ; elapsed = 00:01:38 . Memory (MB): peak = 1565.754 ; gain = 641.109
---------------------------------------------------------------------------------
---------------------------------------------------------------------------------
Start Rebuilding User Hierarchy
---------------------------------------------------------------------------------
---------------------------------------------------------------------------------
Finished Rebuilding User Hierarchy : Time (s): cpu = 00:00:50 ; elapsed = 00:01:38 . Memory (MB): peak = 1565.754 ; gain = 641.109
---------------------------------------------------------------------------------
---------------------------------------------------------------------------------
Start Renaming Generated Ports
---------------------------------------------------------------------------------
---------------------------------------------------------------------------------
Finished Renaming Generated Ports : Time (s): cpu = 00:00:50 ; elapsed = 00:01:38 . Memory (MB): peak = 1565.754 ; gain = 641.109
---------------------------------------------------------------------------------
---------------------------------------------------------------------------------
Start Handling Custom Attributes
---------------------------------------------------------------------------------
---------------------------------------------------------------------------------
Finished Handling Custom Attributes : Time (s): cpu = 00:00:50 ; elapsed = 00:01:38 . Memory (MB): peak = 1565.754 ; gain = 641.109
---------------------------------------------------------------------------------
---------------------------------------------------------------------------------
Start Renaming Generated Nets
---------------------------------------------------------------------------------
---------------------------------------------------------------------------------
Finished Renaming Generated Nets : Time (s): cpu = 00:00:50 ; elapsed = 00:01:38 . Memory (MB): peak = 1565.754 ; gain = 641.109
---------------------------------------------------------------------------------
---------------------------------------------------------------------------------
Start Writing Synthesis Report
---------------------------------------------------------------------------------

Report BlackBoxes: 
+-+--------------+----------+
| |BlackBox name |Instances |
+-+--------------+----------+
+-+--------------+----------+

Report Cell Usage: 
+------+-------+------+
|      |Cell   |Count |
+------+-------+------+
|1     |BUFG   |     1|
|2     |CARRY4 |     5|
|3     |LUT1   |     2|
|4     |LUT2   |     5|
|5     |LUT3   |     6|
|6     |LUT4   |    31|
|7     |LUT5   |    18|
|8     |LUT6   |     9|
|9     |FDCE   |    12|
|10    |FDRE   |    34|
|11    |LD     |    22|
|12    |IBUF   |    37|
|13    |OBUF   |    27|
+------+-------+------+
---------------------------------------------------------------------------------
Finished Writing Synthesis Report : Time (s): cpu = 00:00:50 ; elapsed = 00:01:38 . Memory (MB): peak = 1565.754 ; gain = 641.109
---------------------------------------------------------------------------------
Synthesis finished with 0 errors, 0 critical warnings and 7 warnings.
Synthesis Optimization Runtime : Time (s): cpu = 00:00:37 ; elapsed = 00:01:31 . Memory (MB): peak = 1565.754 ; gain = 548.855
Synthesis Optimization Complete : Time (s): cpu = 00:00:50 ; elapsed = 00:01:38 . Memory (MB): peak = 1565.754 ; gain = 641.109
INFO: [Project 1-571] Translating synthesized netlist
Netlist sorting complete. Time (s): cpu = 00:00:00 ; elapsed = 00:00:00.010 . Memory (MB): peak = 1565.754 ; gain = 0.000
INFO: [Netlist 29-17] Analyzing 27 Unisim elements for replacement
INFO: [Netlist 29-28] Unisim Transformation completed in 0 CPU seconds
INFO: [Project 1-570] Preparing netlist for logic optimization
INFO: [Opt 31-138] Pushed 0 inverter(s) to 0 load pin(s).
Netlist sorting complete. Time (s): cpu = 00:00:00 ; elapsed = 00:00:00.001 . Memory (MB): peak = 1565.754 ; gain = 0.000
INFO: [Project 1-111] Unisim Transformation Summary:
  A total of 22 instances were transformed.
  LD => LDCE: 22 instances

Impossibile trovare il percorso specificato.
Synth Design complete | Checksum: b1ed214c
INFO: [Common 17-83] Releasing license: Synthesis
24 Infos, 12 Warnings, 0 Critical Warnings and 0 Errors encountered.
synth_design completed successfully
synth_design: Time (s): cpu = 00:00:57 ; elapsed = 00:02:11 . Memory (MB): peak = 1565.754 ; gain = 1087.570
Write ShapeDB Complete: Time (s): cpu = 00:00:00 ; elapsed = 00:00:00.010 . Memory (MB): peak = 1565.754 ; gain = 0.000
INFO: [Common 17-1381] The checkpoint 'E:/Vivado/new_project_reti/new_project_reti.runs/synth_1/project_reti_logiche.dcp' has been generated.
INFO: [runtcl-4] Executing : report_utilization -file project_reti_logiche_utilization_synth.rpt -pb project_reti_logiche_utilization_synth.pb
INFO: [Common 17-206] Exiting Vivado at Mon Mar 18 20:07:22 2024...
