
*** Running vivado
    with args -log project_reti_logiche.vdi -applog -m64 -product Vivado -messageDb vivado.pb -mode batch -source project_reti_logiche.tcl -notrace


ECHO disattivato.
ECHO disattivato.

****** Vivado v2023.2 (64-bit)
  **** SW Build 4029153 on Fri Oct 13 20:14:34 MDT 2023
  **** IP Build 4028589 on Sat Oct 14 00:45:43 MDT 2023
  **** SharedData Build 4025554 on Tue Oct 10 17:18:54 MDT 2023
    ** Copyright 1986-2022 Xilinx, Inc. All Rights Reserved.
    ** Copyright 2022-2023 Advanced Micro Devices, Inc. All Rights Reserved.

source project_reti_logiche.tcl -notrace
create_project: Time (s): cpu = 00:00:07 ; elapsed = 00:00:12 . Memory (MB): peak = 475.027 ; gain = 179.617
Command: link_design -top project_reti_logiche -part xc7a200tfbg484-1
Design is defaulting to srcset: sources_1
Design is defaulting to constrset: constrs_1
INFO: [Device 21-403] Loading part xc7a200tfbg484-1
Netlist sorting complete. Time (s): cpu = 00:00:00 ; elapsed = 00:00:00.002 . Memory (MB): peak = 925.719 ; gain = 0.000
INFO: [Netlist 29-17] Analyzing 5 Unisim elements for replacement
INFO: [Netlist 29-28] Unisim Transformation completed in 0 CPU seconds
INFO: [Project 1-479] Netlist was created with Vivado 2023.2
INFO: [Project 1-570] Preparing netlist for logic optimization
Parsing XDC File [E:/Vivado/new_project_reti/new_project_reti.srcs/constrs_1/new/clock.xdc]
Finished Parsing XDC File [E:/Vivado/new_project_reti/new_project_reti.srcs/constrs_1/new/clock.xdc]
INFO: [Opt 31-138] Pushed 0 inverter(s) to 0 load pin(s).
Netlist sorting complete. Time (s): cpu = 00:00:00 ; elapsed = 00:00:00 . Memory (MB): peak = 1061.609 ; gain = 0.000
INFO: [Project 1-111] Unisim Transformation Summary:
No Unisim elements were transformed.

Impossibile trovare il percorso specificato.
7 Infos, 0 Warnings, 0 Critical Warnings and 0 Errors encountered.
link_design completed successfully
link_design: Time (s): cpu = 00:00:06 ; elapsed = 00:00:13 . Memory (MB): peak = 1065.664 ; gain = 590.637
Command: opt_design
Attempting to get a license for feature 'Implementation' and/or device 'xc7a200t'
INFO: [Common 17-349] Got license for feature 'Implementation' and/or device 'xc7a200t'
Running DRC as a precondition to command opt_design

Starting DRC Task
INFO: [DRC 23-27] Running DRC with 2 threads
INFO: [Project 1-461] DRC finished with 0 Errors
INFO: [Project 1-462] Please refer to the DRC report (report_drc) for more information.

Time (s): cpu = 00:00:02 ; elapsed = 00:00:02 . Memory (MB): peak = 1084.613 ; gain = 18.949

Starting Cache Timing Information Task
INFO: [Timing 38-35] Done setting XDC timing constraints.
Ending Cache Timing Information Task | Checksum: 1395f2b4f

Time (s): cpu = 00:00:10 ; elapsed = 00:00:16 . Memory (MB): peak = 1674.262 ; gain = 589.648

Starting Logic Optimization Task

Phase 1 Initialization

Phase 1.1 Core Generation And Design Setup
Phase 1.1 Core Generation And Design Setup | Checksum: 1395f2b4f

Time (s): cpu = 00:00:00 ; elapsed = 00:00:00.006 . Memory (MB): peak = 2041.418 ; gain = 0.000

Phase 1.2 Setup Constraints And Sort Netlist
Phase 1.2 Setup Constraints And Sort Netlist | Checksum: 1395f2b4f

Time (s): cpu = 00:00:00 ; elapsed = 00:00:00.010 . Memory (MB): peak = 2041.418 ; gain = 0.000
Phase 1 Initialization | Checksum: 1395f2b4f

Time (s): cpu = 00:00:00 ; elapsed = 00:00:00.011 . Memory (MB): peak = 2041.418 ; gain = 0.000

Phase 2 Timer Update And Timing Data Collection

Phase 2.1 Timer Update
Phase 2.1 Timer Update | Checksum: 1395f2b4f

Time (s): cpu = 00:00:00 ; elapsed = 00:00:00.043 . Memory (MB): peak = 2041.418 ; gain = 0.000

Phase 2.2 Timing Data Collection
Phase 2.2 Timing Data Collection | Checksum: 1395f2b4f

Time (s): cpu = 00:00:00 ; elapsed = 00:00:00.070 . Memory (MB): peak = 2041.418 ; gain = 0.000
Phase 2 Timer Update And Timing Data Collection | Checksum: 1395f2b4f

Time (s): cpu = 00:00:00 ; elapsed = 00:00:00.071 . Memory (MB): peak = 2041.418 ; gain = 0.000

Phase 3 Retarget
INFO: [Opt 31-138] Pushed 0 inverter(s) to 0 load pin(s).
INFO: [Opt 31-49] Retargeted 0 cell(s).
Phase 3 Retarget | Checksum: 1395f2b4f

Time (s): cpu = 00:00:00 ; elapsed = 00:00:00.106 . Memory (MB): peak = 2041.418 ; gain = 0.000
Retarget | Checksum: 1395f2b4f
INFO: [Opt 31-389] Phase Retarget created 0 cells and removed 0 cells

Phase 4 Constant propagation
INFO: [Opt 31-138] Pushed 0 inverter(s) to 0 load pin(s).
Phase 4 Constant propagation | Checksum: 1395f2b4f

Time (s): cpu = 00:00:00 ; elapsed = 00:00:00.114 . Memory (MB): peak = 2041.418 ; gain = 0.000
Constant propagation | Checksum: 1395f2b4f
INFO: [Opt 31-389] Phase Constant propagation created 0 cells and removed 0 cells

Phase 5 Sweep
Phase 5 Sweep | Checksum: 18767f9ae

Time (s): cpu = 00:00:00 ; elapsed = 00:00:00.146 . Memory (MB): peak = 2041.418 ; gain = 0.000
Sweep | Checksum: 18767f9ae
INFO: [Opt 31-389] Phase Sweep created 0 cells and removed 0 cells

Phase 6 BUFG optimization
Phase 6 BUFG optimization | Checksum: 18767f9ae

Time (s): cpu = 00:00:00 ; elapsed = 00:00:00.211 . Memory (MB): peak = 2041.418 ; gain = 0.000
BUFG optimization | Checksum: 18767f9ae
INFO: [Opt 31-662] Phase BUFG optimization created 0 cells of which 0 are BUFGs and removed 0 cells.

Phase 7 Shift Register Optimization
INFO: [Opt 31-1064] SRL Remap converted 0 SRLs to 0 registers and converted 0 registers of register chains to 0 SRLs
Phase 7 Shift Register Optimization | Checksum: 18767f9ae

Time (s): cpu = 00:00:00 ; elapsed = 00:00:00.215 . Memory (MB): peak = 2041.418 ; gain = 0.000
Shift Register Optimization | Checksum: 18767f9ae
INFO: [Opt 31-389] Phase Shift Register Optimization created 0 cells and removed 0 cells

Phase 8 Post Processing Netlist
Phase 8 Post Processing Netlist | Checksum: 18767f9ae

Time (s): cpu = 00:00:00 ; elapsed = 00:00:00.219 . Memory (MB): peak = 2041.418 ; gain = 0.000
Post Processing Netlist | Checksum: 18767f9ae
INFO: [Opt 31-389] Phase Post Processing Netlist created 0 cells and removed 0 cells

Phase 9 Finalization

Phase 9.1 Finalizing Design Cores and Updating Shapes
Phase 9.1 Finalizing Design Cores and Updating Shapes | Checksum: 18945863d

Time (s): cpu = 00:00:00 ; elapsed = 00:00:00.236 . Memory (MB): peak = 2041.418 ; gain = 0.000

Phase 9.2 Verifying Netlist Connectivity

Starting Connectivity Check Task

Time (s): cpu = 00:00:00 ; elapsed = 00:00:00.003 . Memory (MB): peak = 2041.418 ; gain = 0.000
Phase 9.2 Verifying Netlist Connectivity | Checksum: 18945863d

Time (s): cpu = 00:00:00 ; elapsed = 00:00:00.241 . Memory (MB): peak = 2041.418 ; gain = 0.000
Phase 9 Finalization | Checksum: 18945863d

Time (s): cpu = 00:00:00 ; elapsed = 00:00:00.241 . Memory (MB): peak = 2041.418 ; gain = 0.000
Opt_design Change Summary
=========================


-------------------------------------------------------------------------------------------------------------------------
|  Phase                        |  #Cells created  |  #Cells Removed  |  #Constrained objects preventing optimizations  |
-------------------------------------------------------------------------------------------------------------------------
|  Retarget                     |               0  |               0  |                                              0  |
|  Constant propagation         |               0  |               0  |                                              0  |
|  Sweep                        |               0  |               0  |                                              0  |
|  BUFG optimization            |               0  |               0  |                                              0  |
|  Shift Register Optimization  |               0  |               0  |                                              0  |
|  Post Processing Netlist      |               0  |               0  |                                              0  |
-------------------------------------------------------------------------------------------------------------------------


Ending Logic Optimization Task | Checksum: 18945863d

Time (s): cpu = 00:00:00 ; elapsed = 00:00:00.247 . Memory (MB): peak = 2041.418 ; gain = 0.000
INFO: [Constraints 18-11670] Building netlist checker database with flags, 0x8
Done building netlist checker database: Time (s): cpu = 00:00:00 ; elapsed = 00:00:00.001 . Memory (MB): peak = 2041.418 ; gain = 0.000

Starting Power Optimization Task
INFO: [Pwropt 34-132] Skipping clock gating for clocks with a period < 2.00 ns.
Ending Power Optimization Task | Checksum: 18945863d

Time (s): cpu = 00:00:00 ; elapsed = 00:00:00.052 . Memory (MB): peak = 2041.418 ; gain = 0.000

Starting Final Cleanup Task
Ending Final Cleanup Task | Checksum: 18945863d

Time (s): cpu = 00:00:00 ; elapsed = 00:00:00.001 . Memory (MB): peak = 2041.418 ; gain = 0.000

Starting Netlist Obfuscation Task
Netlist sorting complete. Time (s): cpu = 00:00:00 ; elapsed = 00:00:00 . Memory (MB): peak = 2041.418 ; gain = 0.000
Ending Netlist Obfuscation Task | Checksum: 18945863d

Time (s): cpu = 00:00:00 ; elapsed = 00:00:00.002 . Memory (MB): peak = 2041.418 ; gain = 0.000
INFO: [Common 17-83] Releasing license: Implementation
25 Infos, 0 Warnings, 0 Critical Warnings and 0 Errors encountered.
opt_design completed successfully
opt_design: Time (s): cpu = 00:00:16 ; elapsed = 00:00:25 . Memory (MB): peak = 2041.418 ; gain = 975.754
INFO: [runtcl-4] Executing : report_drc -file project_reti_logiche_drc_opted.rpt -pb project_reti_logiche_drc_opted.pb -rpx project_reti_logiche_drc_opted.rpx
Command: report_drc -file project_reti_logiche_drc_opted.rpt -pb project_reti_logiche_drc_opted.pb -rpx project_reti_logiche_drc_opted.rpx
INFO: [IP_Flow 19-234] Refreshing IP repositories
INFO: [IP_Flow 19-1704] No user IP repositories specified
INFO: [IP_Flow 19-2313] Loaded Vivado IP repository 'E:/Vivado/Vivado/2023.2/data/ip'.
INFO: [DRC 23-27] Running DRC with 2 threads
INFO: [Vivado_Tcl 2-168] The results of DRC are in file E:/Vivado/new_project_reti/new_project_reti.runs/impl_1/project_reti_logiche_drc_opted.rpt.
report_drc completed successfully
INFO: [Timing 38-480] Writing timing data to binary archive.
Write ShapeDB Complete: Time (s): cpu = 00:00:00 ; elapsed = 00:00:00.004 . Memory (MB): peak = 2041.418 ; gain = 0.000
INFO: [Common 17-1381] The checkpoint 'E:/Vivado/new_project_reti/new_project_reti.runs/impl_1/project_reti_logiche_opt.dcp' has been generated.
Command: place_design
Attempting to get a license for feature 'Implementation' and/or device 'xc7a200t'
INFO: [Common 17-349] Got license for feature 'Implementation' and/or device 'xc7a200t'
INFO: [Common 17-83] Releasing license: Implementation
INFO: [DRC 23-27] Running DRC with 2 threads
INFO: [Vivado_Tcl 4-198] DRC finished with 0 Errors
INFO: [Vivado_Tcl 4-199] Please refer to the DRC report (report_drc) for more information.
Running DRC as a precondition to command place_design
INFO: [DRC 23-27] Running DRC with 2 threads
INFO: [Vivado_Tcl 4-198] DRC finished with 0 Errors
INFO: [Vivado_Tcl 4-199] Please refer to the DRC report (report_drc) for more information.
INFO: [Place 30-611] Multithreading enabled for place_design using a maximum of 2 CPUs

Starting Placer Task

Phase 1 Placer Initialization

Phase 1.1 Placer Initialization Netlist Sorting
Netlist sorting complete. Time (s): cpu = 00:00:00 ; elapsed = 00:00:00 . Memory (MB): peak = 2041.418 ; gain = 0.000
Phase 1.1 Placer Initialization Netlist Sorting | Checksum: ed3dd082

Time (s): cpu = 00:00:00 ; elapsed = 00:00:00.014 . Memory (MB): peak = 2041.418 ; gain = 0.000
Netlist sorting complete. Time (s): cpu = 00:00:00 ; elapsed = 00:00:00 . Memory (MB): peak = 2041.418 ; gain = 0.000

Phase 1.2 IO Placement/ Clock Placement/ Build Placer Device
INFO: [Timing 38-35] Done setting XDC timing constraints.
Phase 1.2 IO Placement/ Clock Placement/ Build Placer Device | Checksum: d84a457a

Time (s): cpu = 00:00:01 ; elapsed = 00:00:01 . Memory (MB): peak = 2041.418 ; gain = 0.000

Phase 1.3 Build Placer Netlist Model
Phase 1.3 Build Placer Netlist Model | Checksum: 13201f3fd

Time (s): cpu = 00:00:02 ; elapsed = 00:00:01 . Memory (MB): peak = 2041.418 ; gain = 0.000

Phase 1.4 Constrain Clocks/Macros
Phase 1.4 Constrain Clocks/Macros | Checksum: 13201f3fd

Time (s): cpu = 00:00:02 ; elapsed = 00:00:01 . Memory (MB): peak = 2041.418 ; gain = 0.000
Phase 1 Placer Initialization | Checksum: 13201f3fd

Time (s): cpu = 00:00:02 ; elapsed = 00:00:01 . Memory (MB): peak = 2041.418 ; gain = 0.000

Phase 2 Global Placement

Phase 2.1 Floorplanning
Phase 2.1 Floorplanning | Checksum: 19e90b645

Time (s): cpu = 00:00:02 ; elapsed = 00:00:02 . Memory (MB): peak = 2041.418 ; gain = 0.000

Phase 2.2 Update Timing before SLR Path Opt
Phase 2.2 Update Timing before SLR Path Opt | Checksum: 1d4f963fc

Time (s): cpu = 00:00:02 ; elapsed = 00:00:02 . Memory (MB): peak = 2041.418 ; gain = 0.000

Phase 2.3 Post-Processing in Floorplanning
Phase 2.3 Post-Processing in Floorplanning | Checksum: 1d4f963fc

Time (s): cpu = 00:00:02 ; elapsed = 00:00:02 . Memory (MB): peak = 2041.418 ; gain = 0.000

Phase 2.4 Global Placement Core

Phase 2.4.1 UpdateTiming Before Physical Synthesis
Phase 2.4.1 UpdateTiming Before Physical Synthesis | Checksum: 11b1c86d6

Time (s): cpu = 00:00:03 ; elapsed = 00:00:03 . Memory (MB): peak = 2041.418 ; gain = 0.000

Phase 2.4.2 Physical Synthesis In Placer
INFO: [Physopt 32-1035] Found 0 LUTNM shape to break, 3 LUT instances to create LUTNM shape
INFO: [Physopt 32-1044] Break lutnm for timing: one critical 0, two critical 0, total 0, new lutff created 0
INFO: [Physopt 32-1138] End 1 Pass. Optimized 2 nets or LUTs. Breaked 0 LUT, combined 2 existing LUTs and moved 0 existing LUT
INFO: [Physopt 32-65] No nets found for high-fanout optimization.
INFO: [Physopt 32-232] Optimized 0 net. Created 0 new instance.
INFO: [Physopt 32-775] End 1 Pass. Optimized 0 net or cell. Created 0 new cell, deleted 0 existing cell and moved 0 existing cell
INFO: [Physopt 32-670] No setup violation found.  DSP Register Optimization was not performed.
INFO: [Physopt 32-670] No setup violation found.  Shift Register to Pipeline Optimization was not performed.
INFO: [Physopt 32-670] No setup violation found.  Shift Register Optimization was not performed.
INFO: [Physopt 32-670] No setup violation found.  BRAM Register Optimization was not performed.
INFO: [Physopt 32-670] No setup violation found.  URAM Register Optimization was not performed.
INFO: [Physopt 32-949] No candidate nets found for dynamic/static region interface net replication
INFO: [Physopt 32-775] End 1 Pass. Optimized 0 net or cell. Created 0 new cell, deleted 0 existing cell and moved 0 existing cell
Netlist sorting complete. Time (s): cpu = 00:00:00 ; elapsed = 00:00:00 . Memory (MB): peak = 2041.418 ; gain = 0.000

Summary of Physical Synthesis Optimizations
============================================


-----------------------------------------------------------------------------------------------------------------------------------------------------------
|  Optimization                                     |  Added Cells  |  Removed Cells  |  Optimized Cells/Nets  |  Dont Touch  |  Iterations  |  Elapsed   |
-----------------------------------------------------------------------------------------------------------------------------------------------------------
|  LUT Combining                                    |            0  |              2  |                     2  |           0  |           1  |  00:00:00  |
|  Retime                                           |            0  |              0  |                     0  |           0  |           1  |  00:00:00  |
|  Very High Fanout                                 |            0  |              0  |                     0  |           0  |           1  |  00:00:00  |
|  DSP Register                                     |            0  |              0  |                     0  |           0  |           0  |  00:00:00  |
|  Shift Register to Pipeline                       |            0  |              0  |                     0  |           0  |           0  |  00:00:00  |
|  Shift Register                                   |            0  |              0  |                     0  |           0  |           0  |  00:00:00  |
|  BRAM Register                                    |            0  |              0  |                     0  |           0  |           0  |  00:00:00  |
|  URAM Register                                    |            0  |              0  |                     0  |           0  |           0  |  00:00:00  |
|  Dynamic/Static Region Interface Net Replication  |            0  |              0  |                     0  |           0  |           1  |  00:00:00  |
|  Total                                            |            0  |              2  |                     2  |           0  |           4  |  00:00:00  |
-----------------------------------------------------------------------------------------------------------------------------------------------------------


Phase 2.4.2 Physical Synthesis In Placer | Checksum: d5cd3449

Time (s): cpu = 00:00:03 ; elapsed = 00:00:03 . Memory (MB): peak = 2041.418 ; gain = 0.000
Phase 2.4 Global Placement Core | Checksum: 15b2940e8

Time (s): cpu = 00:00:03 ; elapsed = 00:00:03 . Memory (MB): peak = 2041.418 ; gain = 0.000
Phase 2 Global Placement | Checksum: 15b2940e8

Time (s): cpu = 00:00:03 ; elapsed = 00:00:03 . Memory (MB): peak = 2041.418 ; gain = 0.000

Phase 3 Detail Placement

Phase 3.1 Commit Multi Column Macros
Phase 3.1 Commit Multi Column Macros | Checksum: 168435679

Time (s): cpu = 00:00:03 ; elapsed = 00:00:03 . Memory (MB): peak = 2041.418 ; gain = 0.000

Phase 3.2 Commit Most Macros & LUTRAMs
Phase 3.2 Commit Most Macros & LUTRAMs | Checksum: 1591add4e

Time (s): cpu = 00:00:03 ; elapsed = 00:00:03 . Memory (MB): peak = 2041.418 ; gain = 0.000

Phase 3.3 Area Swap Optimization
Phase 3.3 Area Swap Optimization | Checksum: 18d4577b5

Time (s): cpu = 00:00:03 ; elapsed = 00:00:03 . Memory (MB): peak = 2041.418 ; gain = 0.000

Phase 3.4 Pipeline Register Optimization
Phase 3.4 Pipeline Register Optimization | Checksum: 13a115f00

Time (s): cpu = 00:00:03 ; elapsed = 00:00:03 . Memory (MB): peak = 2041.418 ; gain = 0.000

Phase 3.5 Small Shape Detail Placement
Phase 3.5 Small Shape Detail Placement | Checksum: 13ea25409

Time (s): cpu = 00:00:03 ; elapsed = 00:00:04 . Memory (MB): peak = 2041.418 ; gain = 0.000

Phase 3.6 Re-assign LUT pins
Phase 3.6 Re-assign LUT pins | Checksum: 158606f12

Time (s): cpu = 00:00:03 ; elapsed = 00:00:04 . Memory (MB): peak = 2041.418 ; gain = 0.000

Phase 3.7 Pipeline Register Optimization
Phase 3.7 Pipeline Register Optimization | Checksum: 1edac8657

Time (s): cpu = 00:00:03 ; elapsed = 00:00:04 . Memory (MB): peak = 2041.418 ; gain = 0.000
Phase 3 Detail Placement | Checksum: 1edac8657

Time (s): cpu = 00:00:03 ; elapsed = 00:00:04 . Memory (MB): peak = 2041.418 ; gain = 0.000

Phase 4 Post Placement Optimization and Clean-Up

Phase 4.1 Post Commit Optimization
INFO: [Timing 38-35] Done setting XDC timing constraints.

Phase 4.1.1 Post Placement Optimization
Post Placement Optimization Initialization | Checksum: 150a40a01

Phase 4.1.1.1 BUFG Insertion

Starting Physical Synthesis Task

Phase 1 Physical Synthesis Initialization
INFO: [Physopt 32-721] Multithreading enabled for phys_opt_design using a maximum of 2 CPUs
INFO: [Physopt 32-619] Estimated Timing Summary | WNS=15.985 | TNS=0.000 |
Phase 1 Physical Synthesis Initialization | Checksum: 1c6e14095

Time (s): cpu = 00:00:00 ; elapsed = 00:00:00.047 . Memory (MB): peak = 2052.719 ; gain = 0.000
INFO: [Place 46-56] BUFG insertion identified 0 candidate nets. Inserted BUFG: 0, Replicated BUFG Driver: 0, Skipped due to Placement/Routing Conflicts: 0, Skipped due to Timing Degradation: 0, Skipped due to netlist editing failed: 0.
Ending Physical Synthesis Task | Checksum: 1c6e14095

Time (s): cpu = 00:00:00 ; elapsed = 00:00:00.052 . Memory (MB): peak = 2052.719 ; gain = 0.000
Phase 4.1.1.1 BUFG Insertion | Checksum: 150a40a01

Time (s): cpu = 00:00:04 ; elapsed = 00:00:04 . Memory (MB): peak = 2052.719 ; gain = 11.301

Phase 4.1.1.2 Post Placement Timing Optimization
INFO: [Place 30-746] Post Placement Timing Summary WNS=15.985. For the most accurate timing information please run report_timing.
Phase 4.1.1.2 Post Placement Timing Optimization | Checksum: 1d087a7f2

Time (s): cpu = 00:00:04 ; elapsed = 00:00:04 . Memory (MB): peak = 2052.719 ; gain = 11.301

Time (s): cpu = 00:00:04 ; elapsed = 00:00:04 . Memory (MB): peak = 2052.719 ; gain = 11.301
Phase 4.1 Post Commit Optimization | Checksum: 1d087a7f2

Time (s): cpu = 00:00:04 ; elapsed = 00:00:04 . Memory (MB): peak = 2052.719 ; gain = 11.301

Phase 4.2 Post Placement Cleanup
Phase 4.2 Post Placement Cleanup | Checksum: 1d087a7f2

Time (s): cpu = 00:00:04 ; elapsed = 00:00:04 . Memory (MB): peak = 2052.719 ; gain = 11.301

Phase 4.3 Placer Reporting

Phase 4.3.1 Print Estimated Congestion
INFO: [Place 30-612] Post-Placement Estimated Congestion 
 ____________________________________________________
|           | Global Congestion | Short Congestion  |
| Direction | Region Size       | Region Size       |
|___________|___________________|___________________|
|      North|                1x1|                1x1|
|___________|___________________|___________________|
|      South|                1x1|                1x1|
|___________|___________________|___________________|
|       East|                1x1|                1x1|
|___________|___________________|___________________|
|       West|                1x1|                1x1|
|___________|___________________|___________________|

Phase 4.3.1 Print Estimated Congestion | Checksum: 1d087a7f2

Time (s): cpu = 00:00:04 ; elapsed = 00:00:04 . Memory (MB): peak = 2052.719 ; gain = 11.301
Phase 4.3 Placer Reporting | Checksum: 1d087a7f2

Time (s): cpu = 00:00:04 ; elapsed = 00:00:04 . Memory (MB): peak = 2052.719 ; gain = 11.301

Phase 4.4 Final Placement Cleanup
Netlist sorting complete. Time (s): cpu = 00:00:00 ; elapsed = 00:00:00.001 . Memory (MB): peak = 2052.719 ; gain = 0.000

Time (s): cpu = 00:00:04 ; elapsed = 00:00:04 . Memory (MB): peak = 2052.719 ; gain = 11.301
Phase 4 Post Placement Optimization and Clean-Up | Checksum: 111b687ce

Time (s): cpu = 00:00:04 ; elapsed = 00:00:04 . Memory (MB): peak = 2052.719 ; gain = 11.301
Ending Placer Task | Checksum: 6c086ab6

Time (s): cpu = 00:00:04 ; elapsed = 00:00:04 . Memory (MB): peak = 2052.719 ; gain = 11.301
62 Infos, 0 Warnings, 0 Critical Warnings and 0 Errors encountered.
place_design completed successfully
place_design: Time (s): cpu = 00:00:05 ; elapsed = 00:00:06 . Memory (MB): peak = 2052.719 ; gain = 11.301
INFO: [runtcl-4] Executing : report_io -file project_reti_logiche_io_placed.rpt
report_io: Time (s): cpu = 00:00:00 ; elapsed = 00:00:00.164 . Memory (MB): peak = 2052.719 ; gain = 0.000
INFO: [runtcl-4] Executing : report_utilization -file project_reti_logiche_utilization_placed.rpt -pb project_reti_logiche_utilization_placed.pb
INFO: [runtcl-4] Executing : report_control_sets -verbose -file project_reti_logiche_control_sets_placed.rpt
report_control_sets: Time (s): cpu = 00:00:00 ; elapsed = 00:00:00.006 . Memory (MB): peak = 2052.719 ; gain = 0.000
INFO: [Timing 38-480] Writing timing data to binary archive.
Write ShapeDB Complete: Time (s): cpu = 00:00:00 ; elapsed = 00:00:00.003 . Memory (MB): peak = 2052.719 ; gain = 0.000
Wrote PlaceDB: Time (s): cpu = 00:00:00 ; elapsed = 00:00:00.023 . Memory (MB): peak = 2052.719 ; gain = 0.000
Wrote PulsedLatchDB: Time (s): cpu = 00:00:00 ; elapsed = 00:00:00.001 . Memory (MB): peak = 2052.719 ; gain = 0.000
Writing XDEF routing.
Writing XDEF routing logical nets.
Writing XDEF routing special nets.
Wrote RouteStorage: Time (s): cpu = 00:00:00 ; elapsed = 00:00:00.090 . Memory (MB): peak = 2052.719 ; gain = 0.000
Wrote Netlist Cache: Time (s): cpu = 00:00:00 ; elapsed = 00:00:00.001 . Memory (MB): peak = 2052.719 ; gain = 0.000
Wrote Device Cache: Time (s): cpu = 00:00:00 ; elapsed = 00:00:00.009 . Memory (MB): peak = 2052.719 ; gain = 0.000
Write Physdb Complete: Time (s): cpu = 00:00:00 ; elapsed = 00:00:00.147 . Memory (MB): peak = 2052.719 ; gain = 0.000
INFO: [Common 17-1381] The checkpoint 'E:/Vivado/new_project_reti/new_project_reti.runs/impl_1/project_reti_logiche_placed.dcp' has been generated.
Command: phys_opt_design
Attempting to get a license for feature 'Implementation' and/or device 'xc7a200t'
INFO: [Common 17-349] Got license for feature 'Implementation' and/or device 'xc7a200t'

Starting Initial Update Timing Task

Time (s): cpu = 00:00:00 ; elapsed = 00:00:00.059 . Memory (MB): peak = 2058.102 ; gain = 5.383
INFO: [Vivado_Tcl 4-383] Design worst setup slack (WNS) is greater than or equal to 0.000 ns. Skipping all physical synthesis optimizations.
INFO: [Vivado_Tcl 4-232] No setup violation found. The netlist was not modified.
INFO: [Common 17-83] Releasing license: Implementation
71 Infos, 0 Warnings, 0 Critical Warnings and 0 Errors encountered.
phys_opt_design completed successfully
INFO: [Timing 38-480] Writing timing data to binary archive.
Write ShapeDB Complete: Time (s): cpu = 00:00:00 ; elapsed = 00:00:00.004 . Memory (MB): peak = 2075.992 ; gain = 0.023
Wrote PlaceDB: Time (s): cpu = 00:00:00 ; elapsed = 00:00:00.024 . Memory (MB): peak = 2075.992 ; gain = 0.023
Wrote PulsedLatchDB: Time (s): cpu = 00:00:00 ; elapsed = 00:00:00 . Memory (MB): peak = 2075.992 ; gain = 0.000
Writing XDEF routing.
Writing XDEF routing logical nets.
Writing XDEF routing special nets.
Wrote RouteStorage: Time (s): cpu = 00:00:00 ; elapsed = 00:00:00.026 . Memory (MB): peak = 2075.992 ; gain = 0.000
Wrote Netlist Cache: Time (s): cpu = 00:00:00 ; elapsed = 00:00:00.001 . Memory (MB): peak = 2075.992 ; gain = 0.000
Wrote Device Cache: Time (s): cpu = 00:00:00 ; elapsed = 00:00:00.011 . Memory (MB): peak = 2075.992 ; gain = 0.000
Write Physdb Complete: Time (s): cpu = 00:00:00 ; elapsed = 00:00:00.078 . Memory (MB): peak = 2075.992 ; gain = 0.023
INFO: [Common 17-1381] The checkpoint 'E:/Vivado/new_project_reti/new_project_reti.runs/impl_1/project_reti_logiche_physopt.dcp' has been generated.
Command: route_design
Attempting to get a license for feature 'Implementation' and/or device 'xc7a200t'
INFO: [Common 17-349] Got license for feature 'Implementation' and/or device 'xc7a200t'
Running DRC as a precondition to command route_design
INFO: [DRC 23-27] Running DRC with 2 threads
INFO: [Vivado_Tcl 4-198] DRC finished with 0 Errors
INFO: [Vivado_Tcl 4-199] Please refer to the DRC report (report_drc) for more information.


Starting Routing Task
INFO: [Route 35-254] Multithreading enabled for route_design using a maximum of 8 CPUs

Phase 1 Build RT Design
Checksum: PlaceDB: 5f8d00fa ConstDB: 0 ShapeSum: c7b69bc RouteDB: 0
Post Restoration Checksum: NetGraph: a5d14f01 | NumContArr: 2b8c75cf | Constraints: c2a8fa9d | Timing: c2a8fa9d
Phase 1 Build RT Design | Checksum: 256afba0a

Time (s): cpu = 00:01:14 ; elapsed = 00:01:56 . Memory (MB): peak = 2299.160 ; gain = 214.078

Phase 2 Router Initialization

Phase 2.1 Fix Topology Constraints
Phase 2.1 Fix Topology Constraints | Checksum: 256afba0a

Time (s): cpu = 00:01:14 ; elapsed = 00:01:56 . Memory (MB): peak = 2299.160 ; gain = 214.078

Phase 2.2 Pre Route Cleanup
Phase 2.2 Pre Route Cleanup | Checksum: 256afba0a

Time (s): cpu = 00:01:14 ; elapsed = 00:01:56 . Memory (MB): peak = 2299.160 ; gain = 214.078
 Number of Nodes with overlaps = 0

Phase 2.3 Update Timing
Phase 2.3 Update Timing | Checksum: 1b2e2e8c9

Time (s): cpu = 00:01:16 ; elapsed = 00:01:58 . Memory (MB): peak = 2473.164 ; gain = 388.082
INFO: [Route 35-416] Intermediate Timing Summary | WNS=15.905 | TNS=0.000  | WHS=-0.073 | THS=-0.738 |


Router Utilization Summary
  Global Vertical Routing Utilization    = 0.000911023 %
  Global Horizontal Routing Utilization  = 0.000528751 %
  Routable Net Status*
  *Does not include unroutable nets such as driverless and loadless.
  Run report_route_status for detailed report.
  Number of Failed Nets               = 149
    (Failed Nets is the sum of unrouted and partially routed nets)
  Number of Unrouted Nets             = 143
  Number of Partially Routed Nets     = 6
  Number of Node Overlaps             = 29

Phase 2 Router Initialization | Checksum: 1656b60d5

Time (s): cpu = 00:01:18 ; elapsed = 00:01:58 . Memory (MB): peak = 2493.773 ; gain = 408.691

Phase 3 Initial Routing

Phase 3.1 Global Routing
Phase 3.1 Global Routing | Checksum: 1656b60d5

Time (s): cpu = 00:01:18 ; elapsed = 00:01:58 . Memory (MB): peak = 2493.773 ; gain = 408.691

Phase 3.2 Initial Net Routing
Phase 3.2 Initial Net Routing | Checksum: 252fb0cb5

Time (s): cpu = 00:01:18 ; elapsed = 00:01:59 . Memory (MB): peak = 2493.773 ; gain = 408.691
Phase 3 Initial Routing | Checksum: 252fb0cb5

Time (s): cpu = 00:01:18 ; elapsed = 00:01:59 . Memory (MB): peak = 2493.773 ; gain = 408.691

Phase 4 Rip-up And Reroute

Phase 4.1 Global Iteration 0
 Number of Nodes with overlaps = 3
 Number of Nodes with overlaps = 0
INFO: [Route 35-416] Intermediate Timing Summary | WNS=15.562 | TNS=0.000  | WHS=N/A    | THS=N/A    |

Phase 4.1 Global Iteration 0 | Checksum: 2a9c30d35

Time (s): cpu = 00:01:18 ; elapsed = 00:01:59 . Memory (MB): peak = 2493.773 ; gain = 408.691
Phase 4 Rip-up And Reroute | Checksum: 2a9c30d35

Time (s): cpu = 00:01:18 ; elapsed = 00:01:59 . Memory (MB): peak = 2493.773 ; gain = 408.691

Phase 5 Delay and Skew Optimization

Phase 5.1 Delay CleanUp

Phase 5.1.1 Update Timing
Phase 5.1.1 Update Timing | Checksum: 30024daa0

Time (s): cpu = 00:01:18 ; elapsed = 00:01:59 . Memory (MB): peak = 2493.773 ; gain = 408.691
INFO: [Route 35-416] Intermediate Timing Summary | WNS=15.655 | TNS=0.000  | WHS=N/A    | THS=N/A    |

Phase 5.1 Delay CleanUp | Checksum: 30024daa0

Time (s): cpu = 00:01:18 ; elapsed = 00:01:59 . Memory (MB): peak = 2493.773 ; gain = 408.691

Phase 5.2 Clock Skew Optimization
Phase 5.2 Clock Skew Optimization | Checksum: 30024daa0

Time (s): cpu = 00:01:18 ; elapsed = 00:01:59 . Memory (MB): peak = 2493.773 ; gain = 408.691
Phase 5 Delay and Skew Optimization | Checksum: 30024daa0

Time (s): cpu = 00:01:18 ; elapsed = 00:01:59 . Memory (MB): peak = 2493.773 ; gain = 408.691

Phase 6 Post Hold Fix

Phase 6.1 Hold Fix Iter

Phase 6.1.1 Update Timing
Phase 6.1.1 Update Timing | Checksum: 2ab9aa152

Time (s): cpu = 00:01:18 ; elapsed = 00:01:59 . Memory (MB): peak = 2493.773 ; gain = 408.691
INFO: [Route 35-416] Intermediate Timing Summary | WNS=15.655 | TNS=0.000  | WHS=0.242  | THS=0.000  |

Phase 6.1 Hold Fix Iter | Checksum: 2bd9c7796

Time (s): cpu = 00:01:18 ; elapsed = 00:01:59 . Memory (MB): peak = 2493.773 ; gain = 408.691
Phase 6 Post Hold Fix | Checksum: 2bd9c7796

Time (s): cpu = 00:01:18 ; elapsed = 00:01:59 . Memory (MB): peak = 2493.773 ; gain = 408.691

Phase 7 Route finalize

Router Utilization Summary
  Global Vertical Routing Utilization    = 0.0252252 %
  Global Horizontal Routing Utilization  = 0.0824521 %
  Routable Net Status*
  *Does not include unroutable nets such as driverless and loadless.
  Run report_route_status for detailed report.
  Number of Failed Nets               = 0
    (Failed Nets is the sum of unrouted and partially routed nets)
  Number of Unrouted Nets             = 0
  Number of Partially Routed Nets     = 0
  Number of Node Overlaps             = 0

Phase 7 Route finalize | Checksum: 2bd9c7796

Time (s): cpu = 00:01:18 ; elapsed = 00:01:59 . Memory (MB): peak = 2493.773 ; gain = 408.691

Phase 8 Verifying routed nets

 Verification completed successfully
Phase 8 Verifying routed nets | Checksum: 2bd9c7796

Time (s): cpu = 00:01:18 ; elapsed = 00:01:59 . Memory (MB): peak = 2493.773 ; gain = 408.691

Phase 9 Depositing Routes
Phase 9 Depositing Routes | Checksum: 32f663c87

Time (s): cpu = 00:01:18 ; elapsed = 00:01:59 . Memory (MB): peak = 2493.773 ; gain = 408.691

Phase 10 Post Router Timing
INFO: [Route 35-57] Estimated Timing Summary | WNS=15.655 | TNS=0.000  | WHS=0.242  | THS=0.000  |

INFO: [Route 35-327] The final timing numbers are based on the router estimated timing analysis. For a complete and accurate timing signoff, please run report_timing_summary.
Phase 10 Post Router Timing | Checksum: 32f663c87

Time (s): cpu = 00:01:18 ; elapsed = 00:01:59 . Memory (MB): peak = 2493.773 ; gain = 408.691
INFO: [Route 35-16] Router Completed Successfully

Phase 11 Post-Route Event Processing
Phase 11 Post-Route Event Processing | Checksum: 14c2b65b3

Time (s): cpu = 00:01:18 ; elapsed = 00:01:59 . Memory (MB): peak = 2493.773 ; gain = 408.691
Ending Routing Task | Checksum: 14c2b65b3

Time (s): cpu = 00:01:18 ; elapsed = 00:01:59 . Memory (MB): peak = 2493.773 ; gain = 408.691

Routing Is Done.
INFO: [Common 17-83] Releasing license: Implementation
86 Infos, 0 Warnings, 0 Critical Warnings and 0 Errors encountered.
route_design completed successfully
route_design: Time (s): cpu = 00:01:20 ; elapsed = 00:02:00 . Memory (MB): peak = 2493.773 ; gain = 417.781
INFO: [runtcl-4] Executing : report_drc -file project_reti_logiche_drc_routed.rpt -pb project_reti_logiche_drc_routed.pb -rpx project_reti_logiche_drc_routed.rpx
Command: report_drc -file project_reti_logiche_drc_routed.rpt -pb project_reti_logiche_drc_routed.pb -rpx project_reti_logiche_drc_routed.rpx
INFO: [IP_Flow 19-1839] IP Catalog is up to date.
INFO: [DRC 23-27] Running DRC with 2 threads
INFO: [Vivado_Tcl 2-168] The results of DRC are in file E:/Vivado/new_project_reti/new_project_reti.runs/impl_1/project_reti_logiche_drc_routed.rpt.
report_drc completed successfully
INFO: [runtcl-4] Executing : report_methodology -file project_reti_logiche_methodology_drc_routed.rpt -pb project_reti_logiche_methodology_drc_routed.pb -rpx project_reti_logiche_methodology_drc_routed.rpx
Command: report_methodology -file project_reti_logiche_methodology_drc_routed.rpt -pb project_reti_logiche_methodology_drc_routed.pb -rpx project_reti_logiche_methodology_drc_routed.rpx
INFO: [Timing 38-35] Done setting XDC timing constraints.
INFO: [DRC 23-133] Running Methodology with 2 threads
INFO: [Vivado_Tcl 2-1520] The results of Report Methodology are in file E:/Vivado/new_project_reti/new_project_reti.runs/impl_1/project_reti_logiche_methodology_drc_routed.rpt.
report_methodology completed successfully
INFO: [runtcl-4] Executing : report_power -file project_reti_logiche_power_routed.rpt -pb project_reti_logiche_power_summary_routed.pb -rpx project_reti_logiche_power_routed.rpx
Command: report_power -file project_reti_logiche_power_routed.rpt -pb project_reti_logiche_power_summary_routed.pb -rpx project_reti_logiche_power_routed.rpx
INFO: [Timing 38-35] Done setting XDC timing constraints.
Running Vector-less Activity Propagation...

Finished Running Vector-less Activity Propagation
96 Infos, 0 Warnings, 0 Critical Warnings and 0 Errors encountered.
report_power completed successfully
INFO: [runtcl-4] Executing : report_route_status -file project_reti_logiche_route_status.rpt -pb project_reti_logiche_route_status.pb
INFO: [runtcl-4] Executing : report_timing_summary -max_paths 10 -report_unconstrained -file project_reti_logiche_timing_summary_routed.rpt -pb project_reti_logiche_timing_summary_routed.pb -rpx project_reti_logiche_timing_summary_routed.rpx -warn_on_violation 
INFO: [Timing 38-91] UpdateTimingParams: Speed grade: -1, Delay Type: min_max.
INFO: [Timing 38-191] Multithreading enabled for timing update using a maximum of 2 CPUs
INFO: [runtcl-4] Executing : report_incremental_reuse -file project_reti_logiche_incremental_reuse_routed.rpt
INFO: [Vivado_Tcl 4-1062] Incremental flow is disabled. No incremental reuse Info to report.
INFO: [runtcl-4] Executing : report_clock_utilization -file project_reti_logiche_clock_utilization_routed.rpt
INFO: [runtcl-4] Executing : report_bus_skew -warn_on_violation -file project_reti_logiche_bus_skew_routed.rpt -pb project_reti_logiche_bus_skew_routed.pb -rpx project_reti_logiche_bus_skew_routed.rpx
INFO: [Timing 38-91] UpdateTimingParams: Speed grade: -1, Delay Type: min_max.
INFO: [Timing 38-191] Multithreading enabled for timing update using a maximum of 2 CPUs
INFO: [Timing 38-480] Writing timing data to binary archive.
Write ShapeDB Complete: Time (s): cpu = 00:00:00 ; elapsed = 00:00:00.004 . Memory (MB): peak = 2493.773 ; gain = 0.000
Wrote PlaceDB: Time (s): cpu = 00:00:00 ; elapsed = 00:00:00.019 . Memory (MB): peak = 2493.773 ; gain = 0.000
Wrote PulsedLatchDB: Time (s): cpu = 00:00:00 ; elapsed = 00:00:00 . Memory (MB): peak = 2493.773 ; gain = 0.000
Writing XDEF routing.
Writing XDEF routing logical nets.
Writing XDEF routing special nets.
Wrote RouteStorage: Time (s): cpu = 00:00:00 ; elapsed = 00:00:00.036 . Memory (MB): peak = 2493.773 ; gain = 0.000
Wrote Netlist Cache: Time (s): cpu = 00:00:00 ; elapsed = 00:00:00.001 . Memory (MB): peak = 2493.773 ; gain = 0.000
Wrote Device Cache: Time (s): cpu = 00:00:00 ; elapsed = 00:00:00.010 . Memory (MB): peak = 2493.773 ; gain = 0.000
Write Physdb Complete: Time (s): cpu = 00:00:00 ; elapsed = 00:00:00.083 . Memory (MB): peak = 2493.773 ; gain = 0.000
INFO: [Common 17-1381] The checkpoint 'E:/Vivado/new_project_reti/new_project_reti.runs/impl_1/project_reti_logiche_routed.dcp' has been generated.
INFO: [Common 17-206] Exiting Vivado at Sun Mar 17 19:16:26 2024...
